<?xml version="1.0" encoding="UTF-8"?>
<!-- Generated by org.testng.reporters.JUnitReportReporter -->
<testsuite skipped="0" hostname="ASDA0088" name="TestForPractise" tests="15" failures="0" timestamp="19 Jul 2018 05:55:32 GMT" time="16.152" errors="0">
  <testcase name="VerifyGetListUser" time="1.317" classname="TestForPractise"/>
  <testcase name="VerifySingleUser" time="0.778" classname="TestForPractise"/>
  <testcase name="VerifySingleUserNotFound" time="0.773" classname="TestForPractise"/>
  <testcase name="VerifyListResource" time="1.781" classname="TestForPractise"/>
  <testcase name="SingleResource" time="0.778" classname="TestForPractise"/>
  <testcase name="SingleResourceNotFound" time="0.755" classname="TestForPractise"/>
  <testcase name="Create" time="0.792" classname="TestForPractise"/>
  <testcase name="VerifyUpdatePUT" time="0.758" classname="TestForPractise"/>
  <testcase name="VerifyUpdatePATCH" time="0.802" classname="TestForPractise"/>
  <testcase name="VerifyDelete" time="0.746" classname="TestForPractise"/>
  <testcase name="RegisterSuccessfull" time="0.764" classname="TestForPractise"/>
  <testcase name="Register_UnSuccessfull" time="0.775" classname="TestForPractise"/>
  <testcase name="LoginSuccessfull" time="0.765" classname="TestForPractise"/>
  <testcase name="Login_UnSuccessfull" time="0.810" classname="TestForPractise"/>
  <testcase name="DelayedResponse" time="3.758" classname="TestForPractise"/>
</testsuite> <!-- TestForPractise -->
