<?xml version="1.0" encoding="UTF-8"?>
<!-- Generated by org.testng.reporters.JUnitReportReporter -->
<testsuite skipped="0" hostname="ASDA0088" name="TestForPractise" tests="15" failures="0" timestamp="19 Jul 2018 05:57:06 GMT" time="14.808" errors="0">
  <testcase name="VerifyGetListUser" time="1.268" classname="TestForPractise"/>
  <testcase name="VerifySingleUser" time="0.777" classname="TestForPractise"/>
  <testcase name="VerifySingleUserNotFound" time="0.771" classname="TestForPractise"/>
  <testcase name="VerifyListResource" time="0.767" classname="TestForPractise"/>
  <testcase name="SingleResource" time="0.748" classname="TestForPractise"/>
  <testcase name="SingleResourceNotFound" time="0.756" classname="TestForPractise"/>
  <testcase name="Create" time="0.775" classname="TestForPractise"/>
  <testcase name="VerifyUpdatePUT" time="0.799" classname="TestForPractise"/>
  <testcase name="VerifyUpdatePATCH" time="0.570" classname="TestForPractise"/>
  <testcase name="VerifyDelete" time="0.769" classname="TestForPractise"/>
  <testcase name="RegisterSuccessfull" time="0.774" classname="TestForPractise"/>
  <testcase name="Register_UnSuccessfull" time="0.772" classname="TestForPractise"/>
  <testcase name="LoginSuccessfull" time="0.759" classname="TestForPractise"/>
  <testcase name="Login_UnSuccessfull" time="0.736" classname="TestForPractise"/>
  <testcase name="DelayedResponse" time="3.767" classname="TestForPractise"/>
</testsuite> <!-- TestForPractise -->
